Using pre-set license
Built from '2020.3/staging' branch; Version is '2020.3.19f1 (68f137dc9bbe) revision 6877495'; Using compiler version '192528614'; Build Type 'Release'
OS: 'Windows 10 Pro; OS build 22631.4169; Version 2009; 64bit' Language: 'en' Physical Memory: 16310 MB
BatchMode: 1, IsHumanControllingUs: 0, StartBugReporterOnCrash: 0, Is64bit: 1, IsPro: 0

COMMAND LINE ARGUMENTS:
C:\Program Files\Unity\Hub\Editor\2020.3.19f1\Editor\Unity.exe
-adb2
-batchMode
-noUpm
-name
AssetImportWorker0
-projectPath
C:/PJ/Rhythm game
-logFile
Logs/AssetImportWorker0.log
-srvPort
49981
Successfully changed project path to: C:/PJ/Rhythm game
C:/PJ/Rhythm game
Using Asset Import Pipeline V2.
Refreshing native plugins compatible for Editor in 28.68 ms, found 2 plugins.
Preloading 0 native plugins for Editor in 0.00 ms.
Initialize engine version: 2020.3.19f1 (68f137dc9bbe)
[Subsystems] Discovering subsystems at path C:/Program Files/Unity/Hub/Editor/2020.3.19f1/Editor/Data/Resources/UnitySubsystems
[Subsystems] Discovering subsystems at path C:/PJ/Rhythm game/Assets
GfxDevice: creating device client; threaded=0
Direct3D:
    Version:  Direct3D 11.0 [level 11.1]
    Renderer: NVIDIA GeForce GTX 970 (ID=0x13c2)
    Vendor:   
    VRAM:     4037 MB
    Driver:   31.0.15.3623
Initialize mono
Mono path[0] = 'C:/Program Files/Unity/Hub/Editor/2020.3.19f1/Editor/Data/Managed'
Mono path[1] = 'C:/Program Files/Unity/Hub/Editor/2020.3.19f1/Editor/Data/MonoBleedingEdge/lib/mono/unityjit'
Mono config path = 'C:/Program Files/Unity/Hub/Editor/2020.3.19f1/Editor/Data/MonoBleedingEdge/etc'
Using monoOptions --debugger-agent=transport=dt_socket,embedding=1,server=y,suspend=n,address=127.0.0.1:56016
Begin MonoManager ReloadAssembly
Registering precompiled unity dll's ...
Register platform support module: C:/Program Files/Unity/Hub/Editor/2020.3.19f1/Editor/Data/PlaybackEngines/WindowsStandaloneSupport/UnityEditor.WindowsStandalone.Extensions.dll
Registered in 0.006726 seconds.
Native extension for WindowsStandalone target not found
Refreshing native plugins compatible for Editor in 26.19 ms, found 2 plugins.
Preloading 0 native plugins for Editor in 0.00 ms.
Mono: successfully reloaded assembly
- Completed reload, in  3.282 seconds
Domain Reload Profiling:
	ReloadAssembly (3282ms)
		BeginReloadAssembly (45ms)
			ExecutionOrderSort (0ms)
			DisableScriptedObjects (0ms)
			BackupInstance (0ms)
			ReleaseScriptingObjects (0ms)
			CreateAndSetChildDomain (1ms)
		EndReloadAssembly (581ms)
			LoadAssemblies (45ms)
			RebuildTransferFunctionScriptingTraits (0ms)
			SetupTypeCache (291ms)
			ReleaseScriptCaches (0ms)
			RebuildScriptCaches (34ms)
			SetupLoadedEditorAssemblies (186ms)
				LogAssemblyErrors (0ms)
				InitializePlatformSupportModulesInManaged (4ms)
				SetLoadedEditorAssemblies (0ms)
				RefreshPlugins (26ms)
				BeforeProcessingInitializeOnLoad (11ms)
				ProcessInitializeOnLoadAttributes (123ms)
				ProcessInitializeOnLoadMethodAttributes (22ms)
				AfterProcessingInitializeOnLoad (0ms)
				EditorAssembliesLoaded (0ms)
			ExecutionOrderSort2 (0ms)
			AwakeInstancesAfterBackupRestoration (0ms)
Platform modules already initialized, skipping
Registering precompiled user dll's ...
Registered in 0.002138 seconds.
Begin MonoManager ReloadAssembly
Native extension for WindowsStandalone target not found
Refreshing native plugins compatible for Editor in 0.90 ms, found 2 plugins.
Preloading 0 native plugins for Editor in 0.00 ms.
Mono: successfully reloaded assembly
- Completed reload, in  1.757 seconds
Domain Reload Profiling:
	ReloadAssembly (1759ms)
		BeginReloadAssembly (190ms)
			ExecutionOrderSort (0ms)
			DisableScriptedObjects (5ms)
			BackupInstance (0ms)
			ReleaseScriptingObjects (0ms)
			CreateAndSetChildDomain (31ms)
		EndReloadAssembly (1514ms)
			LoadAssemblies (139ms)
			RebuildTransferFunctionScriptingTraits (0ms)
			SetupTypeCache (582ms)
			ReleaseScriptCaches (1ms)
			RebuildScriptCaches (64ms)
			SetupLoadedEditorAssemblies (603ms)
				LogAssemblyErrors (0ms)
				InitializePlatformSupportModulesInManaged (9ms)
				SetLoadedEditorAssemblies (1ms)
				RefreshPlugins (1ms)
				BeforeProcessingInitializeOnLoad (183ms)
				ProcessInitializeOnLoadAttributes (381ms)
				ProcessInitializeOnLoadMethodAttributes (16ms)
				AfterProcessingInitializeOnLoad (11ms)
				EditorAssembliesLoaded (1ms)
			ExecutionOrderSort2 (0ms)
			AwakeInstancesAfterBackupRestoration (17ms)
Platform modules already initialized, skipping
========================================================================
Worker process is ready to serve import requests
Launched and connected shader compiler UnityShaderCompiler.exe after 0.04 seconds
Refreshing native plugins compatible for Editor in 0.67 ms, found 2 plugins.
Preloading 0 native plugins for Editor in 0.00 ms.
Unloading 1551 Unused Serialized files (Serialized files now loaded: 0)
System memory in use before: 77.6 MB.
System memory in use after: 77.7 MB.

Unloading 15 unused Assets to reduce memory usage. Loaded Objects now: 1990.
Total: 3.096000 ms (FindLiveObjects: 0.257200 ms CreateObjectMapping: 0.033400 ms MarkObjects: 2.765100 ms  DeleteObjects: 0.039500 ms)

AssetImportParameters requested are different than current active one (requested -> active):
  custom:framework-win-MediaFoundation: 216162199b28c13a410421893ffa2e32 -> 
  custom:video-decoder-ogg-theora: a1e56fd34408186e4bbccfd4996cb3dc -> 
  custom:container-muxer-webm: aa71ff27fc2769a1b78a27578f13a17b -> 
  custom:container-demuxer-webm: 4f35f7cbe854078d1ac9338744f61a02 -> 
  custom:container-demuxer-ogg: 62fdf1f143b41e24485cea50d1cbac27 -> 
  custom:video-encoder-webm-vp8: eb34c28f22e8b96e1ab97ce403110664 -> 
  custom:video-decoder-webm-vp8: 9c59270c3fd7afecdb556c50c9e8de78 -> 
  custom:audio-decoder-ogg-vorbis: bf7c407c2cedff20999df2af8eb42d56 -> 
  custom:audio-encoder-webm-vorbis: bf7c407c2cedff20999df2af8eb42d56 -> 
========================================================================
Received Import Request.
  path: Assets/Script/Popup.cs
  artifactKey: Guid(55afbaeda041d4643abc1d8930774856) Importer(815301076,1909f56bfc062723c751e8b465ee728b)
Start importing Assets/Script/Popup.cs using Guid(55afbaeda041d4643abc1d8930774856) Importer(815301076,1909f56bfc062723c751e8b465ee728b)  -> (artifact id: 'd6b4193ab471202cff6731b10de5c5ef') in 0.047816 seconds 
  Import took 0.050995 seconds .

========================================================================
Received Import Request.
  Time since last request: 0.000226 seconds.
  path: Assets/Script/Result.cs
  artifactKey: Guid(db6c7620ba7ed3e43aa984533c472ad2) Importer(815301076,1909f56bfc062723c751e8b465ee728b)
Start importing Assets/Script/Result.cs using Guid(db6c7620ba7ed3e43aa984533c472ad2) Importer(815301076,1909f56bfc062723c751e8b465ee728b)  -> (artifact id: '2ceda1b133b17c512a722e9a0270e1c2') in 0.015686 seconds 
  Import took 0.019591 seconds .

========================================================================
Received Import Request.
  Time since last request: 0.001946 seconds.
  path: Assets/Script/Notes.cs
  artifactKey: Guid(80f2b9275023927479e6c8d5e05e4e57) Importer(815301076,1909f56bfc062723c751e8b465ee728b)
Start importing Assets/Script/Notes.cs using Guid(80f2b9275023927479e6c8d5e05e4e57) Importer(815301076,1909f56bfc062723c751e8b465ee728b)  -> (artifact id: '87992071dad5006072a6cbd1f72d2e74') in 0.009796 seconds 
  Import took 0.013268 seconds .

========================================================================
Received Import Request.
  Time since last request: 10.912022 seconds.
  path: Assets/Script/Gmanager.cs
  artifactKey: Guid(3da9222a62ca7e947882286b98a90c84) Importer(815301076,1909f56bfc062723c751e8b465ee728b)
Start importing Assets/Script/Gmanager.cs using Guid(3da9222a62ca7e947882286b98a90c84) Importer(815301076,1909f56bfc062723c751e8b465ee728b)  -> (artifact id: '3c83ba01fd37eec96cb48037d993b90c') in 0.010436 seconds 
  Import took 0.013588 seconds .

========================================================================
Received Import Request.
  Time since last request: 58.098556 seconds.
  path: Assets/Script/Judge.cs
  artifactKey: Guid(58dc73a6ca33c6444aa5f98435b98260) Importer(815301076,1909f56bfc062723c751e8b465ee728b)
Start importing Assets/Script/Judge.cs using Guid(58dc73a6ca33c6444aa5f98435b98260) Importer(815301076,1909f56bfc062723c751e8b465ee728b)  -> (artifact id: 'ce14709d2e730cf858f8c4df0efe9854') in 0.016341 seconds 
  Import took 0.018725 seconds .

========================================================================
Received Prepare
Registering precompiled user dll's ...
Registered in 0.001767 seconds.
Begin MonoManager ReloadAssembly
Native extension for WindowsStandalone target not found
Refreshing native plugins compatible for Editor in 0.38 ms, found 2 plugins.
Preloading 0 native plugins for Editor in 0.00 ms.
Mono: successfully reloaded assembly
- Completed reload, in  0.637 seconds
Domain Reload Profiling:
	ReloadAssembly (637ms)
		BeginReloadAssembly (91ms)
			ExecutionOrderSort (0ms)
			DisableScriptedObjects (3ms)
			BackupInstance (0ms)
			ReleaseScriptingObjects (0ms)
			CreateAndSetChildDomain (26ms)
		EndReloadAssembly (505ms)
			LoadAssemblies (55ms)
			RebuildTransferFunctionScriptingTraits (0ms)
			SetupTypeCache (164ms)
			ReleaseScriptCaches (1ms)
			RebuildScriptCaches (29ms)
			SetupLoadedEditorAssemblies (196ms)
				LogAssemblyErrors (0ms)
				InitializePlatformSupportModulesInManaged (4ms)
				SetLoadedEditorAssemblies (0ms)
				RefreshPlugins (0ms)
				BeforeProcessingInitializeOnLoad (55ms)
				ProcessInitializeOnLoadAttributes (129ms)
				ProcessInitializeOnLoadMethodAttributes (3ms)
				AfterProcessingInitializeOnLoad (4ms)
				EditorAssembliesLoaded (0ms)
			ExecutionOrderSort2 (0ms)
			AwakeInstancesAfterBackupRestoration (5ms)
Platform modules already initialized, skipping
Refreshing native plugins compatible for Editor in 0.38 ms, found 2 plugins.
Preloading 0 native plugins for Editor in 0.00 ms.
Unloading 1504 Unused Serialized files (Serialized files now loaded: 0)
System memory in use before: 73.4 MB.
System memory in use after: 73.5 MB.

Unloading 11 unused Assets to reduce memory usage. Loaded Objects now: 1992.
Total: 2.377000 ms (FindLiveObjects: 0.122100 ms CreateObjectMapping: 0.035600 ms MarkObjects: 2.197600 ms  DeleteObjects: 0.020900 ms)

AssetImportParameters requested are different than current active one (requested -> active):
  custom:framework-win-MediaFoundation: 216162199b28c13a410421893ffa2e32 -> 
  custom:video-decoder-ogg-theora: a1e56fd34408186e4bbccfd4996cb3dc -> 
  custom:container-muxer-webm: aa71ff27fc2769a1b78a27578f13a17b -> 
  custom:container-demuxer-webm: 4f35f7cbe854078d1ac9338744f61a02 -> 
  custom:container-demuxer-ogg: 62fdf1f143b41e24485cea50d1cbac27 -> 
  custom:video-encoder-webm-vp8: eb34c28f22e8b96e1ab97ce403110664 -> 
  custom:video-decoder-webm-vp8: 9c59270c3fd7afecdb556c50c9e8de78 -> 
  custom:audio-decoder-ogg-vorbis: bf7c407c2cedff20999df2af8eb42d56 -> 
  custom:audio-encoder-webm-vorbis: bf7c407c2cedff20999df2af8eb42d56 -> 
========================================================================
Received Import Request.
  Time since last request: 788.370898 seconds.
  path: Assets/prefabs
  artifactKey: Guid(3bf38c3145ccef04fa5ac4ef3f86e2e6) Importer(815301076,1909f56bfc062723c751e8b465ee728b)
Start importing Assets/prefabs using Guid(3bf38c3145ccef04fa5ac4ef3f86e2e6) Importer(815301076,1909f56bfc062723c751e8b465ee728b)  -> (artifact id: '8813bc722c5ff77ba527965d3ad013f2') in 0.009486 seconds 
  Import took 0.011775 seconds .

========================================================================
Received Import Request.
  Time since last request: 6.985207 seconds.
  path: Assets/prefabs/Bad.prefab
  artifactKey: Guid(2ea7f990bb89aa643bcea4a5db928631) Importer(815301076,1909f56bfc062723c751e8b465ee728b)
Start importing Assets/prefabs/Bad.prefab using Guid(2ea7f990bb89aa643bcea4a5db928631) Importer(815301076,1909f56bfc062723c751e8b465ee728b)  -> (artifact id: '577335fb5e4ed8cb8cde470b303c06c2') in 0.059248 seconds 
  Import took 0.061648 seconds .

========================================================================
Received Import Request.
  Time since last request: 0.000143 seconds.
  path: Assets/prefabs/Great.prefab
  artifactKey: Guid(5ed7029e6f23ff8479941e3ebd23dfbc) Importer(815301076,1909f56bfc062723c751e8b465ee728b)
Start importing Assets/prefabs/Great.prefab using Guid(5ed7029e6f23ff8479941e3ebd23dfbc) Importer(815301076,1909f56bfc062723c751e8b465ee728b)  -> (artifact id: '5fe1a20f60f6bf4f219af45c1f5539c8') in 0.020873 seconds 
  Import took 0.022717 seconds .

========================================================================
Received Import Request.
  Time since last request: 0.000181 seconds.
  path: Assets/prefabs/Miss.prefab
  artifactKey: Guid(71716e4b5b45bfe439eb924adc37c2e5) Importer(815301076,1909f56bfc062723c751e8b465ee728b)
Start importing Assets/prefabs/Miss.prefab using Guid(71716e4b5b45bfe439eb924adc37c2e5) Importer(815301076,1909f56bfc062723c751e8b465ee728b)  -> (artifact id: 'cc092f79b01a64ebb39645ca0d05bf03') in 0.021191 seconds 
  Import took 0.023293 seconds .

========================================================================
Received Import Request.
  Time since last request: 0.000151 seconds.
  path: Assets/prefabs/Gmanager.prefab
  artifactKey: Guid(cb7b9413cf304be498fb8a5acde76a16) Importer(815301076,1909f56bfc062723c751e8b465ee728b)
Start importing Assets/prefabs/Gmanager.prefab using Guid(cb7b9413cf304be498fb8a5acde76a16) Importer(815301076,1909f56bfc062723c751e8b465ee728b)  -> (artifact id: '4fc78a8bfa61e60aac00f1b92ceb2f76') in 0.003550 seconds 
  Import took 0.005008 seconds .

========================================================================
Received Import Request.
  Time since last request: 0.000116 seconds.
  path: Assets/prefabs/Popup.prefab
  artifactKey: Guid(f2ea95cb304e237429c49e75805d5248) Importer(815301076,1909f56bfc062723c751e8b465ee728b)
Start importing Assets/prefabs/Popup.prefab using Guid(f2ea95cb304e237429c49e75805d5248) Importer(815301076,1909f56bfc062723c751e8b465ee728b)  -> (artifact id: 'ec9a00f5fbbd6ec617fc849321c38a8c') in 0.016603 seconds 
  Import took 0.018372 seconds .

========================================================================
Received Import Request.
  Time since last request: 0.000135 seconds.
  path: Assets/prefabs/Notes.prefab
  artifactKey: Guid(1c2c90412f813d047b83931f1a4fb019) Importer(815301076,1909f56bfc062723c751e8b465ee728b)
Start importing Assets/prefabs/Notes.prefab using Guid(1c2c90412f813d047b83931f1a4fb019) Importer(815301076,1909f56bfc062723c751e8b465ee728b)  -> (artifact id: 'b21f4faa26a3bac6c38fae0f2308b5c3') in 0.042682 seconds 
  Import took 0.044845 seconds .

========================================================================
Received Import Request.
  Time since last request: 0.000154 seconds.
  path: Assets/prefabs/Perfect.prefab
  artifactKey: Guid(e23bf43056996c14e8f0d58b4bdb466b) Importer(815301076,1909f56bfc062723c751e8b465ee728b)
Start importing Assets/prefabs/Perfect.prefab using Guid(e23bf43056996c14e8f0d58b4bdb466b) Importer(815301076,1909f56bfc062723c751e8b465ee728b)  -> (artifact id: 'bbf87d6eae131c138a570eff110518d2') in 0.020631 seconds 
  Import took 0.022645 seconds .

========================================================================
Received Import Request.
  Time since last request: 76.037583 seconds.
  path: Assets/Script/Light.cs
  artifactKey: Guid(4bd3c4fbc29af524c8047d4549d9ab89) Importer(815301076,1909f56bfc062723c751e8b465ee728b)
Start importing Assets/Script/Light.cs using Guid(4bd3c4fbc29af524c8047d4549d9ab89) Importer(815301076,1909f56bfc062723c751e8b465ee728b)  -> (artifact id: '74e32b3a41347d8ef13e4c169131ee84') in 0.014775 seconds 
  Import took 0.017299 seconds .

AssetImportWorkerClient::OnTransportError - code=2 error=End of file
